<?xml version="1.0" encoding="UTF-8"?>
<!-- Generated by org.testng.reporters.JUnitReportReporter -->
<testsuite hostname="MQ1H7NT" failures="0" tests="3" name="SpatialSearch.SpatialSearch.groupSearch_test3" time="92.012" errors="0" timestamp="2 Jul 2019 21:32:29 GMT">
  <testcase classname="SpatialSearch.SpatialSearch.groupSearch_test3" name="editExtent" time="32.579"/>
  <testcase classname="SpatialSearch.SpatialSearch.groupSearch_test3" name="checkSearchResult" time="26.847"/>
  <testcase classname="SpatialSearch.SpatialSearch.groupSearch_test3" name="restoreExtent" time="32.586"/>
</testsuite> <!-- SpatialSearch.SpatialSearch.groupSearch_test3 -->
