<?xml version="1.0" encoding="UTF-8"?>
<!-- Generated by org.testng.reporters.JUnitReportReporter -->
<testsuite hostname="MQ1H7NT" failures="0" tests="3" name="SpatialSearch.SpatialSearch.setNewExtent" time="69.961" errors="0" timestamp="27 Jun 2019 16:17:17 GMT">
  <testcase classname="SpatialSearch.SpatialSearch.setNewExtent" name="restoreExtent" time="27.836"/>
  <testcase classname="SpatialSearch.SpatialSearch.setNewExtent" name="checkSearchResult" time="18.193"/>
  <testcase classname="SpatialSearch.SpatialSearch.setNewExtent" name="editExtent" time="23.932"/>
</testsuite> <!-- SpatialSearch.SpatialSearch.setNewExtent -->
