<?xml version="1.0" encoding="UTF-8"?>
<!-- Generated by org.testng.reporters.JUnitReportReporter -->
<testsuite hostname="MQ1H7NT" failures="0" tests="3" name="SpatialSearch.SpatialSearch.setNewExtent_Test" time="91.921" errors="0" timestamp="2 Jul 2019 16:22:17 GMT">
  <testcase classname="SpatialSearch.SpatialSearch.setNewExtent_Test" name="editExtent" time="40.829"/>
  <testcase classname="SpatialSearch.SpatialSearch.setNewExtent_Test" name="checkSearchResult" time="18.551"/>
  <testcase classname="SpatialSearch.SpatialSearch.setNewExtent_Test" name="restoreExtent" time="32.541"/>
</testsuite> <!-- SpatialSearch.SpatialSearch.setNewExtent_Test -->
