<?xml version="1.0" encoding="UTF-8"?>
<!-- Generated by org.testng.reporters.JUnitReportReporter -->
<testsuite hostname="MQ1H7NT" failures="0" tests="1" name="SpatialSearch.SpatialSearch.proxyTest" time="7.227" errors="0" timestamp="11 Jul 2019 15:57:51 GMT">
  <testcase classname="SpatialSearch.SpatialSearch.proxyTest" name="networkTest" time="7.227"/>
</testsuite> <!-- SpatialSearch.SpatialSearch.proxyTest -->
