<?xml version="1.0" encoding="UTF-8"?>
<!-- Generated by org.testng.reporters.JUnitReportReporter -->
<testsuite hostname="MQ1H7NT" failures="0" tests="3" name="SpatialSearch.SpatialSearch.groupSearchTest" time="74.236" errors="0" timestamp="27 Jun 2019 17:03:13 GMT">
  <testcase classname="SpatialSearch.SpatialSearch.groupSearchTest" name="editExtent" time="23.580"/>
  <testcase classname="SpatialSearch.SpatialSearch.groupSearchTest" name="restoreExtent" time="23.688"/>
  <testcase classname="SpatialSearch.SpatialSearch.groupSearchTest" name="checkSearchResult" time="26.968"/>
</testsuite> <!-- SpatialSearch.SpatialSearch.groupSearchTest -->
