<?xml version="1.0" encoding="UTF-8"?>
<!-- Generated by org.testng.reporters.JUnitReportReporter -->
<testsuite hostname="MQ1H7NT" failures="0" tests="1" name="SpatialSearch.SpatialSearch.supportFunctions" time="5.068" errors="0" timestamp="25 Jun 2019 16:38:26 GMT">
  <testcase classname="SpatialSearch.SpatialSearch.supportFunctions" name="login" time="5.068"/>
</testsuite> <!-- SpatialSearch.SpatialSearch.supportFunctions -->
