<?xml version="1.0" encoding="UTF-8"?>
<!-- Generated by org.testng.reporters.JUnitReportReporter -->
<testsuite hostname="MQ1H7NT" failures="0" tests="4" name="SpatialSearch.SpatialSearch.groupSearch_user_test4" time="185.924" errors="0" timestamp="3 Jul 2019 17:09:36 GMT">
  <testcase classname="SpatialSearch.SpatialSearch.groupSearch_user_test4" name="test3" time="18.928"/>
  <testcase classname="SpatialSearch.SpatialSearch.groupSearch_user_test4" name="test2" time="40.603"/>
  <testcase classname="SpatialSearch.SpatialSearch.groupSearch_user_test4" name="test1" time="64.222"/>
  <testcase classname="SpatialSearch.SpatialSearch.groupSearch_user_test4" name="test4" time="62.171"/>
</testsuite> <!-- SpatialSearch.SpatialSearch.groupSearch_user_test4 -->
