<?xml version="1.0" encoding="UTF-8"?>
<!-- Generated by org.testng.reporters.JUnitReportReporter -->
<testsuite hostname="MQ1H7NT" failures="0" tests="1" name="testcases.test6" time="24.409" errors="0" timestamp="15 Jul 2019 20:39:49 GMT">
  <testcase classname="testcases.test6" name="setup" time="24.409"/>
</testsuite> <!-- testcases.test6 -->
