<?xml version="1.0" encoding="UTF-8"?>
<!-- Generated by org.testng.reporters.JUnitReportReporter -->
<testsuite hostname="MQ1H7NT" failures="0" tests="3" name="SpatialSearch.SpatialSearch.setNewExtent_test2" time="94.754" errors="0" timestamp="2 Jul 2019 21:28:14 GMT">
  <testcase classname="SpatialSearch.SpatialSearch.setNewExtent_test2" name="checkSearchResult" time="18.891"/>
  <testcase classname="SpatialSearch.SpatialSearch.setNewExtent_test2" name="restoreExtent" time="32.402"/>
  <testcase classname="SpatialSearch.SpatialSearch.setNewExtent_test2" name="editExtent" time="43.461"/>
</testsuite> <!-- SpatialSearch.SpatialSearch.setNewExtent_test2 -->
