<?xml version="1.0" encoding="UTF-8"?>
<!-- Generated by org.testng.reporters.JUnitReportReporter -->
<testsuite hostname="MQ1H7NT" failures="0" tests="1" name="SpatialSearch.SpatialSearch.checkExtent_Test" time="231.263" errors="0" timestamp="2 Jul 2019 15:49:02 GMT">
  <testcase classname="SpatialSearch.SpatialSearch.checkExtent_Test" name="openItem" time="231.263"/>
</testsuite> <!-- SpatialSearch.SpatialSearch.checkExtent_Test -->
