<?xml version="1.0" encoding="UTF-8"?>
<!-- Generated by org.testng.reporters.JUnitReportReporter -->
<testsuite hostname="MQ1H7NT" failures="0" tests="1" name="SpatialSearch.SpatialSearch.searchTest" time="180.412" errors="0" timestamp="26 Jun 2019 17:21:44 GMT">
  <testcase classname="SpatialSearch.SpatialSearch.searchTest" name="openItem" time="180.412"/>
</testsuite> <!-- SpatialSearch.SpatialSearch.searchTest -->
